<?xml version="1.0" encoding="UTF-8"?>
<testsuite xmlns:xsi="http://www.w3.org/2001/XMLSchema-instance" xsi:noNamespaceSchemaLocation="https://maven.apache.org/surefire/maven-surefire-plugin/xsd/surefire-test-report-3.0.xsd" version="3.0" name="PlanPruebasRetrocompatibilidad" time="337.844" tests="6" errors="0" skipped="0" failures="2">
  <properties>
[...]
</properties>
  <testcase name="Android_Inicio_01" classname="PlanPruebasRetrocompatibilidad" time="38.276"/>
  <testcase name="Android_Inicio_02" classname="PlanPruebasRetrocompatibilidad" time="28.495"/>
  <testcase name="Android_Hospitalizacion_01" classname="PlanPruebasRetrocompatibilidad" time="20.647"/>
  <testcase name="Android_Hospitalizacion_02" classname="PlanPruebasRetrocompatibilidad" time="150.473"/>
  <testcase name="Android_Hospitalizacion_03" classname="PlanPruebasRetrocompatibilidad" time="15.493">
    <failure message="The element &apos;By.id: com.radmas.iycp.casiopea.pre:id/text_search_edit_text&apos; does not exist in DOM anymore&#10;For documentation on this error, please visit: https://www.seleniumhq.org/exceptions/stale_element_reference.html&#10;Build info: version: &apos;3.141.59&apos;, revision: &apos;e82be7d358&apos;, time: &apos;2018-11-14T08:17:03&apos;&#10;System info: host: &apos;GFI12425&apos;, ip: &apos;10.160.178.181&apos;, os.name: &apos;Windows 10&apos;, os.arch: &apos;amd64&apos;, os.version: &apos;10.0&apos;, java.version: &apos;1.8.0_281&apos;&#10;Driver info: io.appium.java_client.android.AndroidDriver&#10;Capabilities {appActivity: com.radmas.iycp.presentatio..., appPackage: com.radmas.iycp.casiopea.pre, automationName: UiAutomator2, databaseEnabled: false, desired: {appActivity: com.radmas.iycp.presentatio..., appPackage: com.radmas.iycp.casiopea.pre, automationName: UiAutomator2, deviceName: emulator-5554, platformName: android, platformVersion: 9}, deviceApiLevel: 28, deviceManufacturer: Google, deviceModel: AOSP on IA Emulator, deviceName: emulator-5554, deviceScreenDensity: 240, deviceScreenSize: 720x1520, deviceUDID: emulator-5554, javascriptEnabled: true, locationContextEnabled: false, networkConnectionEnabled: true, pixelRatio: 1.5, platform: LINUX, platformName: Android, platformVersion: 9, statBarHeight: 36, takesScreenshot: true, viewportRect: {height: 1412, left: 0, top: 36, width: 720}, warnings: {}, webStorageEnabled: false}&#10;Session ID: 77530b88-d993-4a06-85e6-2ab60b6080be" type="org.openqa.selenium.StaleElementReferenceException"><![CDATA[org.openqa.selenium.StaleElementReferenceException: 
The element 'By.id: com.radmas.iycp.casiopea.pre:id/text_search_edit_text' does not exist in DOM anymore
For documentation on this error, please visit: https://www.seleniumhq.org/exceptions/stale_element_reference.html
Build info: version: '3.141.59', revision: 'e82be7d358', time: '2018-11-14T08:17:03'
System info: host: 'GFI12425', ip: '10.160.178.181', os.name: 'Windows 10', os.arch: 'amd64', os.version: '10.0', java.version: '1.8.0_281'
Driver info: io.appium.java_client.android.AndroidDriver
Capabilities {appActivity: com.radmas.iycp.presentatio..., appPackage: com.radmas.iycp.casiopea.pre, automationName: UiAutomator2, databaseEnabled: false, desired: {appActivity: com.radmas.iycp.presentatio..., appPackage: com.radmas.iycp.casiopea.pre, automationName: UiAutomator2, deviceName: emulator-5554, platformName: android, platformVersion: 9}, deviceApiLevel: 28, deviceManufacturer: Google, deviceModel: AOSP on IA Emulator, deviceName: emulator-5554, deviceScreenDensity: 240, deviceScreenSize: 720x1520, deviceUDID: emulator-5554, javascriptEnabled: true, locationContextEnabled: false, networkConnectionEnabled: true, pixelRatio: 1.5, platform: LINUX, platformName: Android, platformVersion: 9, statBarHeight: 36, takesScreenshot: true, viewportRect: {height: 1412, left: 0, top: 36, width: 720}, warnings: {}, webStorageEnabled: false}
Session ID: 77530b88-d993-4a06-85e6-2ab60b6080be
	at PlanPruebasRetrocompatibilidad.Android_Hospitalizacion_03(PlanPruebasRetrocompatibilidad.java:215)
]]></failure>
    <system-out><![CDATA[Se rellenó correctamente el input Buscar con el valor: 20012430
-----------------------------------------------
Se rellenó correctamente el input Buscar con el valor: 20012430
-----------------------------------------------
P<ciente Rellenado correctamente en Buscar
-----------------------------------------------
P<ciente Rellenado correctamente en Buscar
-----------------------------------------------
Android_FP_009 - OK
-----------------------------------------------
Android_FP_009 - OK
-----------------------------------------------
Se inicia la búsqueda de paciente correctamente
-----------------------------------------------
Se muestra tutorial
-----------------------------------------------
Error al intentar buscar paciente
-----------------------------------------------
]]></system-out>
  </testcase>
  <testcase name="Android_Hospitalizacion_04" classname="PlanPruebasRetrocompatibilidad" time="85.964">
    <failure message="expected [true] but found [false]" type="java.lang.AssertionError"><![CDATA[java.lang.AssertionError: expected [true] but found [false]
	at PlanPruebasRetrocompatibilidad.Android_Hospitalizacion_04(PlanPruebasRetrocompatibilidad.java:256)
]]></failure>
    <system-out><![CDATA[Se cierra el tutorial
-----------------------------------------------
La historia del paciente NO TOCAR PREUBAS AUTOMATICAS MOBILITY se muestra correctamente
-----------------------------------------------
Android_P_010 - OK
-----------------------------------------------
El botón filtro de Historia se pulsa correctamente
-----------------------------------------------
Se muestra correctamente la pantalla 'Filtros historia'
-----------------------------------------------
Se abre correctamente filtro de historia de paciente
-----------------------------------------------
Android_PH_012_1 - OK
-----------------------------------------------
1 Iteracion
Variable: false
Ckeck valor: false
No pasa nada
2 Iteracion
Variable: true
Ckeck valor: false
Entra dentro 1
Saleee 2
3 Iteracion
Variable: false
Ckeck valor: false
No pasa nada
4 Iteracion
Variable: false
Ckeck valor: false
No pasa nada
5 Iteracion
Variable: false
Ckeck valor: false
No pasa nada
Las opciones se seleccionan correctamente
-----------------------------------------------
Se han seleccionado las opciones correctas
-----------------------------------------------
Android_PH_012_2_1 - OK
-----------------------------------------------
Se pudo pulsar correctamente el botón 'Volver' [1] veces
-----------------------------------------------
El resultado de Historia es correcto
-----------------------------------------------
Android_PH_012_3_1 - OK
-----------------------------------------------
NO DEFECTO: 666 , 140 // R:227 G: 227 B: 227
El filtro por defecto está desactivado
-----------------------------------------------
Android_PH_014 - OK
-----------------------------------------------
El botón filtro de Historia se pulsa correctamente
-----------------------------------------------
Se muestra correctamente la pantalla 'Filtros historia'
-----------------------------------------------
Se abre correctamente filtro de historia de paciente
-----------------------------------------------
Android_PH_012_1 - OK
-----------------------------------------------
1 Iteracion
Variable: false
Ckeck valor: false
No pasa nada
2 Iteracion
Variable: false
Ckeck valor: true
Entra dentro 1
Saleee 2
3 Iteracion
Variable: false
Ckeck valor: false
No pasa nada
4 Iteracion
Variable: true
Ckeck valor: false
Entra dentro 1
Saleee 2
5 Iteracion
Variable: false
Ckeck valor: false
No pasa nada
Las opciones se seleccionan correctamente
-----------------------------------------------
Se han seleccionado las opciones correctas
-----------------------------------------------
Android_PH_012_2_2 - OK
-----------------------------------------------
Se pudo pulsar correctamente el botón 'Volver' [1] veces
-----------------------------------------------
El resultado de Historia es correcto
-----------------------------------------------
Android_PH_012_3_2 - OK
-----------------------------------------------
NO DEFECTO: 666 , 140 // R:227 G: 227 B: 227
El filtro por defecto está desactivado
-----------------------------------------------
Android_PH_014 - OK
-----------------------------------------------
Se pulsa Historial Covid
-----------------------------------------------
Se abre correctamente el historial Covid
-----------------------------------------------
Android_PH_001_1 - OK
-----------------------------------------------
Botón Back del dispositivo se pulsó correctamente
-----------------------------------------------
Se cierra correctamente Historial Covid
-----------------------------------------------
Android_PH_001_2 - OK
-----------------------------------------------
Se pulsa Alergias
-----------------------------------------------
Se abre correctamente Alergias
-----------------------------------------------
Android_PH_002 - OK
-----------------------------------------------
Botón Back del dispositivo se pulsó correctamente
-----------------------------------------------
Se cierra correctamente Alergias
-----------------------------------------------
Android_PH_005 - OK
-----------------------------------------------
Se pulsa Evolucion
-----------------------------------------------
Se abre correctamente Evolucion
-----------------------------------------------
Android_PH_009 - OK
-----------------------------------------------
Se pudo pulsar correctamente el botón 'Volver' [1] veces
-----------------------------------------------
No se muestra tutorial
-----------------------------------------------
La historia del paciente NO TOCAR PREUBAS AUTOMATICAS MOBILITY se muestra correctamente
-----------------------------------------------
Android_PH_010 - OK
-----------------------------------------------
El botón filtro de Historia se pulsa correctamente
-----------------------------------------------
Se muestra correctamente la pantalla 'Filtros historia'
-----------------------------------------------
Se abre correctamente filtro de historia de paciente
-----------------------------------------------
Android_PH_012_1 - OK
-----------------------------------------------
1 Iteracion
Variable: false
Ckeck valor: false
No pasa nada
2 Iteracion
Variable: false
Ckeck valor: false
No pasa nada
3 Iteracion
Variable: false
Ckeck valor: false
No pasa nada
4 Iteracion
Variable: false
Ckeck valor: true
Entra dentro 1
Saleee 2
5 Iteracion
Variable: false
Ckeck valor: false
No pasa nada
Las opciones se seleccionan correctamente
-----------------------------------------------
Se han seleccionado las opciones correctas
-----------------------------------------------
Android_PH_012_2_3 - OK
-----------------------------------------------
Se pudo pulsar correctamente el botón 'Volver' [1] veces
-----------------------------------------------
El resultado de Historia es correcto
-----------------------------------------------
Android_PH_012_3_3 - OK
-----------------------------------------------
NO DEFECTO: 666 , 140 // R:227 G: 227 B: 227
El filtro por defecto está desactivado
-----------------------------------------------
]]></system-out>
  </testcase>
</testsuite>